<?xml version="1.0" encoding="UTF-8"?>
<!-- Generated by org.testng.reporters.JUnitReportReporter -->
<testsuite hostname="inlen8520086981" failures="0" tests="1" name="Testcases.Login_Test" time="50.618" errors="0" timestamp="2024-01-11T22:21:20 IST" skipped="0">
  <testcase classname="Testcases.Login_Test" name="Login_test" time="50.618"/>
  <system-out/>
</testsuite> <!-- Testcases.Login_Test -->
